{"C:\\Users\\Vinicius\\Documents\\PiNode\\app\\controllers\\IndexController.js":{"path":"C:\\Users\\Vinicius\\Documents\\PiNode\\app\\controllers\\IndexController.js","s":{"1":1,"2":1,"3":0,"4":0,"5":0,"6":0,"7":0,"8":0,"9":0,"10":0,"11":0,"12":3,"13":0,"14":0,"15":0,"16":0,"17":0,"18":3,"19":0,"20":0,"21":0,"22":0,"23":0,"24":3,"25":1},"b":{},"f":{"1":1,"2":0,"3":0,"4":0,"5":0,"6":0,"7":3,"8":0,"9":0,"10":3,"11":0,"12":0,"13":3},"fnMap":{"1":{"name":"(anonymous_1)","line":1,"loc":{"start":{"line":1,"column":17},"end":{"line":1,"column":33}}},"2":{"name":"(anonymous_2)","line":4,"loc":{"start":{"line":4,"column":20},"end":{"line":4,"column":49}}},"3":{"name":"(anonymous_3)","line":10,"loc":{"start":{"line":10,"column":22},"end":{"line":10,"column":49}}},"4":{"name":"(anonymous_4)","line":14,"loc":{"start":{"line":14,"column":12},"end":{"line":14,"column":41}}},"5":{"name":"(anonymous_5)","line":22,"loc":{"start":{"line":22,"column":20},"end":{"line":22,"column":47}}},"6":{"name":"(anonymous_6)","line":26,"loc":{"start":{"line":26,"column":10},"end":{"line":26,"column":39}}},"7":{"name":"(anonymous_7)","line":35,"loc":{"start":{"line":35,"column":14},"end":{"line":35,"column":33}}},"8":{"name":"(anonymous_8)","line":39,"loc":{"start":{"line":39,"column":23},"end":{"line":39,"column":50}}},"9":{"name":"(anonymous_9)","line":43,"loc":{"start":{"line":43,"column":13},"end":{"line":43,"column":42}}},"10":{"name":"(anonymous_10)","line":52,"loc":{"start":{"line":52,"column":17},"end":{"line":52,"column":36}}},"11":{"name":"(anonymous_11)","line":56,"loc":{"start":{"line":56,"column":26},"end":{"line":56,"column":53}}},"12":{"name":"(anonymous_12)","line":60,"loc":{"start":{"line":60,"column":16},"end":{"line":60,"column":45}}},"13":{"name":"(anonymous_13)","line":69,"loc":{"start":{"line":69,"column":20},"end":{"line":69,"column":39}}}},"statementMap":{"1":{"start":{"line":1,"column":0},"end":{"line":75,"column":2}},"2":{"start":{"line":2,"column":4},"end":{"line":72,"column":3}},"3":{"start":{"line":5,"column":3},"end":{"line":7,"column":6}},"4":{"start":{"line":11,"column":3},"end":{"line":11,"column":31}},"5":{"start":{"line":15,"column":3},"end":{"line":15,"column":32}},"6":{"start":{"line":17,"column":3},"end":{"line":19,"column":6}},"7":{"start":{"line":23,"column":3},"end":{"line":23,"column":28}},"8":{"start":{"line":27,"column":3},"end":{"line":27,"column":42}},"9":{"start":{"line":28,"column":3},"end":{"line":28,"column":42}},"10":{"start":{"line":29,"column":3},"end":{"line":29,"column":51}},"11":{"start":{"line":30,"column":3},"end":{"line":32,"column":6}},"12":{"start":{"line":36,"column":3},"end":{"line":36,"column":22}},"13":{"start":{"line":40,"column":3},"end":{"line":40,"column":31}},"14":{"start":{"line":44,"column":3},"end":{"line":44,"column":42}},"15":{"start":{"line":45,"column":3},"end":{"line":45,"column":42}},"16":{"start":{"line":46,"column":3},"end":{"line":46,"column":54}},"17":{"start":{"line":47,"column":3},"end":{"line":49,"column":6}},"18":{"start":{"line":53,"column":3},"end":{"line":53,"column":22}},"19":{"start":{"line":57,"column":3},"end":{"line":57,"column":34}},"20":{"start":{"line":61,"column":3},"end":{"line":61,"column":42}},"21":{"start":{"line":62,"column":3},"end":{"line":62,"column":42}},"22":{"start":{"line":63,"column":3},"end":{"line":63,"column":57}},"23":{"start":{"line":64,"column":3},"end":{"line":66,"column":6}},"24":{"start":{"line":70,"column":3},"end":{"line":70,"column":22}},"25":{"start":{"line":74,"column":4},"end":{"line":74,"column":22}}},"branchMap":{}}}