TN:
SF:C:\Users\Vinicius\Documents\PiNode\app\controllers\IndexController.js
FN:1,(anonymous_1)
FN:4,(anonymous_2)
FN:10,(anonymous_3)
FN:14,(anonymous_4)
FN:22,(anonymous_5)
FN:26,(anonymous_6)
FN:35,(anonymous_7)
FN:39,(anonymous_8)
FN:43,(anonymous_9)
FN:52,(anonymous_10)
FN:56,(anonymous_11)
FN:60,(anonymous_12)
FN:69,(anonymous_13)
FNF:13
FNH:4
FNDA:1,(anonymous_1)
FNDA:0,(anonymous_2)
FNDA:0,(anonymous_3)
FNDA:0,(anonymous_4)
FNDA:0,(anonymous_5)
FNDA:0,(anonymous_6)
FNDA:3,(anonymous_7)
FNDA:0,(anonymous_8)
FNDA:0,(anonymous_9)
FNDA:3,(anonymous_10)
FNDA:0,(anonymous_11)
FNDA:0,(anonymous_12)
FNDA:3,(anonymous_13)
DA:1,1
DA:2,1
DA:5,0
DA:11,0
DA:15,0
DA:17,0
DA:23,0
DA:27,0
DA:28,0
DA:29,0
DA:30,0
DA:36,3
DA:40,0
DA:44,0
DA:45,0
DA:46,0
DA:47,0
DA:53,3
DA:57,0
DA:61,0
DA:62,0
DA:63,0
DA:64,0
DA:70,3
DA:74,1
LF:25
LH:6
BRF:0
BRH:0
end_of_record
